<?xml version="1.0" encoding="UTF-8"?>
<!-- Generated by org.testng.reporters.JUnitReportReporter -->
<testsuite hostname="LAPTOP-04AKG4B2" failures="0" tests="1" name="selenium.Test.ContactUsFormTest" time="0.197" errors="1" timestamp="2024-03-14T11:50:59 IST" skipped="0">
  <testcase classname="selenium.Test.ContactUsFormTest" name="submitContactForm" time="0.197">
    <error message="
[public void selenium.Test.ContactUsFormTest.submitContactForm(java.util.HashMap,org.openqa.selenium.WebDriver)] has no parameters defined but was found to be using a data provider (either explicitly specified or inherited from class level annotation).
Data provider mismatch
Method: submitContactForm([java.util.HashMap&lt;java.lang.String, java.lang.String&gt; arg0, org.openqa.selenium.WebDriver arg1])
Arguments: [(java.util.HashMap) {emailUser=alasana@gmail.com, Message=Gained experience through this website.Thankyou., name=alasana, passwordUser=Sana@123, Subject=Great website}]" type="org.testng.internal.reflect.MethodMatcherException">
      <![CDATA[org.testng.internal.reflect.MethodMatcherException: 
[public void selenium.Test.ContactUsFormTest.submitContactForm(java.util.HashMap,org.openqa.selenium.WebDriver)] has no parameters defined but was found to be using a data provider (either explicitly specified or inherited from class level annotation).
Data provider mismatch
Method: submitContactForm([java.util.HashMap<java.lang.String, java.lang.String> arg0, org.openqa.selenium.WebDriver arg1])
Arguments: [(java.util.HashMap) {emailUser=alasana@gmail.com, Message=Gained experience through this website.Thankyou., name=alasana, passwordUser=Sana@123, Subject=Great website}]
at org.testng.internal.reflect.DataProviderMethodMatcher.getConformingArguments(DataProviderMethodMatcher.java:46)
at org.testng.internal.Parameters.injectParameters(Parameters.java:909)
at org.testng.internal.invokers.MethodRunner.runInSequence(MethodRunner.java:37)
at org.testng.internal.invokers.TestInvoker$MethodInvocationAgent.invoke(TestInvoker.java:957)
at org.testng.internal.invokers.TestInvoker.invokeTestMethods(TestInvoker.java:200)
at org.testng.internal.invokers.TestMethodWorker.invokeTestMethods(TestMethodWorker.java:148)
at org.testng.internal.invokers.TestMethodWorker.run(TestMethodWorker.java:128)
at java.base/java.util.ArrayList.forEach(ArrayList.java:1511)
at org.testng.TestRunner.privateRun(TestRunner.java:848)
at org.testng.TestRunner.run(TestRunner.java:621)
at org.testng.SuiteRunner.runTest(SuiteRunner.java:443)
at org.testng.SuiteRunner.runSequentially(SuiteRunner.java:437)
at org.testng.SuiteRunner.privateRun(SuiteRunner.java:397)
at org.testng.SuiteRunner.run(SuiteRunner.java:336)
at org.testng.SuiteRunnerWorker.runSuite(SuiteRunnerWorker.java:52)
at org.testng.SuiteRunnerWorker.run(SuiteRunnerWorker.java:95)
at org.testng.TestNG.runSuitesSequentially(TestNG.java:1280)
at org.testng.TestNG.runSuitesLocally(TestNG.java:1200)
at org.testng.TestNG.runSuites(TestNG.java:1114)
at org.testng.TestNG.run(TestNG.java:1082)
at org.testng.remote.AbstractRemoteTestNG.run(AbstractRemoteTestNG.java:115)
at org.testng.remote.RemoteTestNG.initAndRun(RemoteTestNG.java:251)
at org.testng.remote.RemoteTestNG.main(RemoteTestNG.java:77)
]]>
    </error>
  </testcase> <!-- submitContactForm -->
</testsuite> <!-- selenium.Test.ContactUsFormTest -->
